🎮 Serveur Smile Life lancé sur le port 3001
Nouveau joueur connecté: r_v1ImgOq7ZgrTQYAAAC
Nouveau joueur connecté: _pNgWYVddOUn9R6YAAAD
Joueur déconnecté: _pNgWYVddOUn9R6YAAAD
Joueur déconnecté: r_v1ImgOq7ZgrTQYAAAC
Nouveau joueur connecté: K-LppE8SANrZGNo-AAAG
Nouveau joueur connecté: t6-RFhwldb_ATEwhAAAJ
Partie créée: V2C9IS par Abdel
Céline a rejoint la partie V2C9IS
Partie V2C9IS démarrée
[TOUR] Céline saute son tour !
[TOUR] Passage au joueur: Abdel (ID: t6-RFhwldb_ATEwhAAAJ)
[TOUR] Index joueur actuel: 0
[TOUR] Passage au joueur: Céline (ID: K-LppE8SANrZGNo-AAAG)
[TOUR] Index joueur actuel: 1
[TOUR] Passage au joueur: Abdel (ID: t6-RFhwldb_ATEwhAAAJ)
[TOUR] Index joueur actuel: 0
[TOUR] Passage au joueur: Céline (ID: K-LppE8SANrZGNo-AAAG)
[TOUR] Index joueur actuel: 1
[TOUR] Passage au joueur: Abdel (ID: t6-RFhwldb_ATEwhAAAJ)
[TOUR] Index joueur actuel: 0
[TOUR] Passage au joueur: Céline (ID: K-LppE8SANrZGNo-AAAG)
[TOUR] Index joueur actuel: 1
[TOUR] Passage au joueur: Abdel (ID: t6-RFhwldb_ATEwhAAAJ)
[TOUR] Index joueur actuel: 0
[TOUR] Passage au joueur: Céline (ID: K-LppE8SANrZGNo-AAAG)
[TOUR] Index joueur actuel: 1
[TOUR] Passage au joueur: Abdel (ID: t6-RFhwldb_ATEwhAAAJ)
[TOUR] Index joueur actuel: 0
[TOUR] Passage au joueur: Céline (ID: K-LppE8SANrZGNo-AAAG)
[TOUR] Index joueur actuel: 1
[TOUR] Passage au joueur: Abdel (ID: t6-RFhwldb_ATEwhAAAJ)
[TOUR] Index joueur actuel: 0
[TOUR] Passage au joueur: Céline (ID: K-LppE8SANrZGNo-AAAG)
[TOUR] Index joueur actuel: 1
[TOUR] Passage au joueur: Abdel (ID: t6-RFhwldb_ATEwhAAAJ)
[TOUR] Index joueur actuel: 0
[TOUR] Passage au joueur: Céline (ID: K-LppE8SANrZGNo-AAAG)
[TOUR] Index joueur actuel: 1
[TOUR] Passage au joueur: Abdel (ID: t6-RFhwldb_ATEwhAAAJ)
[TOUR] Index joueur actuel: 0
[TOUR] Passage au joueur: Céline (ID: K-LppE8SANrZGNo-AAAG)
[TOUR] Index joueur actuel: 1
[TOUR] Passage au joueur: Abdel (ID: t6-RFhwldb_ATEwhAAAJ)
[TOUR] Index joueur actuel: 0
[TOUR] Passage au joueur: Céline (ID: K-LppE8SANrZGNo-AAAG)
[TOUR] Index joueur actuel: 1
[TOUR] Passage au joueur: Abdel (ID: t6-RFhwldb_ATEwhAAAJ)
[TOUR] Index joueur actuel: 0
[TOUR] Passage au joueur: Céline (ID: K-LppE8SANrZGNo-AAAG)
[TOUR] Index joueur actuel: 1
[TOUR] Passage au joueur: Abdel (ID: t6-RFhwldb_ATEwhAAAJ)
[TOUR] Index joueur actuel: 0
[TOUR] Passage au joueur: Céline (ID: K-LppE8SANrZGNo-AAAG)
[TOUR] Index joueur actuel: 1
[TOUR] Abdel saute son tour !
[TOUR] Passage au joueur: Céline (ID: K-LppE8SANrZGNo-AAAG)
[TOUR] Index joueur actuel: 1
[TOUR] Passage au joueur: Abdel (ID: t6-RFhwldb_ATEwhAAAJ)
[TOUR] Index joueur actuel: 0
[TOUR] Passage au joueur: Céline (ID: K-LppE8SANrZGNo-AAAG)
[TOUR] Index joueur actuel: 1
[TOUR] Passage au joueur: Abdel (ID: t6-RFhwldb_ATEwhAAAJ)
[TOUR] Index joueur actuel: 0
[TOUR] Passage au joueur: Céline (ID: K-LppE8SANrZGNo-AAAG)
[TOUR] Index joueur actuel: 1
[TOUR] Passage au joueur: Abdel (ID: t6-RFhwldb_ATEwhAAAJ)
[TOUR] Index joueur actuel: 0
[TOUR] Passage au joueur: Céline (ID: K-LppE8SANrZGNo-AAAG)
[TOUR] Index joueur actuel: 1
[TOUR] Passage au joueur: Abdel (ID: t6-RFhwldb_ATEwhAAAJ)
[TOUR] Index joueur actuel: 0
[TOUR] Passage au joueur: Céline (ID: K-LppE8SANrZGNo-AAAG)
[TOUR] Index joueur actuel: 1
[TOUR] Passage au joueur: Abdel (ID: t6-RFhwldb_ATEwhAAAJ)
[TOUR] Index joueur actuel: 0
[TOUR] Passage au joueur: Céline (ID: K-LppE8SANrZGNo-AAAG)
[TOUR] Index joueur actuel: 1
[TOUR] Passage au joueur: Abdel (ID: t6-RFhwldb_ATEwhAAAJ)
[TOUR] Index joueur actuel: 0
[TOUR] Passage au joueur: Céline (ID: K-LppE8SANrZGNo-AAAG)
[TOUR] Index joueur actuel: 1
[TOUR] Passage au joueur: Abdel (ID: t6-RFhwldb_ATEwhAAAJ)
[TOUR] Index joueur actuel: 0
[TOUR] Passage au joueur: Céline (ID: K-LppE8SANrZGNo-AAAG)
[TOUR] Index joueur actuel: 1
[TOUR] Passage au joueur: Abdel (ID: t6-RFhwldb_ATEwhAAAJ)
[TOUR] Index joueur actuel: 0
[TOUR] Passage au joueur: Céline (ID: K-LppE8SANrZGNo-AAAG)
[TOUR] Index joueur actuel: 1
[TOUR] Passage au joueur: Abdel (ID: t6-RFhwldb_ATEwhAAAJ)
[TOUR] Index joueur actuel: 0
[TOUR] Passage au joueur: Céline (ID: K-LppE8SANrZGNo-AAAG)
[TOUR] Index joueur actuel: 1
[TOUR] Passage au joueur: Abdel (ID: t6-RFhwldb_ATEwhAAAJ)
[TOUR] Index joueur actuel: 0
[TOUR] Abdel saute son tour !
[TOUR] Passage au joueur: Céline (ID: K-LppE8SANrZGNo-AAAG)
[TOUR] Index joueur actuel: 1
[TOUR] Passage au joueur: Abdel (ID: t6-RFhwldb_ATEwhAAAJ)
[TOUR] Index joueur actuel: 0
[TOUR] Passage au joueur: Céline (ID: K-LppE8SANrZGNo-AAAG)
[TOUR] Index joueur actuel: 1
[TOUR] Passage au joueur: Abdel (ID: t6-RFhwldb_ATEwhAAAJ)
[TOUR] Index joueur actuel: 0
[TOUR] Passage au joueur: Céline (ID: K-LppE8SANrZGNo-AAAG)
[TOUR] Index joueur actuel: 1
[TOUR] Passage au joueur: Abdel (ID: t6-RFhwldb_ATEwhAAAJ)
[TOUR] Index joueur actuel: 0
[TOUR] Céline saute son tour !
[TOUR] Passage au joueur: Céline (ID: K-LppE8SANrZGNo-AAAG)
[TOUR] Index joueur actuel: 1
[TOUR] Passage au joueur: Abdel (ID: t6-RFhwldb_ATEwhAAAJ)
[TOUR] Index joueur actuel: 0
[TOUR] Passage au joueur: Céline (ID: K-LppE8SANrZGNo-AAAG)
[TOUR] Index joueur actuel: 1
[TOUR] Passage au joueur: Abdel (ID: t6-RFhwldb_ATEwhAAAJ)
[TOUR] Index joueur actuel: 0
[TOUR] Passage au joueur: Céline (ID: K-LppE8SANrZGNo-AAAG)
[TOUR] Index joueur actuel: 1
[TOUR] Passage au joueur: Abdel (ID: t6-RFhwldb_ATEwhAAAJ)
[TOUR] Index joueur actuel: 0
[TOUR] Passage au joueur: Céline (ID: K-LppE8SANrZGNo-AAAG)
[TOUR] Index joueur actuel: 1
[TOUR] Passage au joueur: Abdel (ID: t6-RFhwldb_ATEwhAAAJ)
[TOUR] Index joueur actuel: 0
[TOUR] Passage au joueur: Céline (ID: K-LppE8SANrZGNo-AAAG)
[TOUR] Index joueur actuel: 1
[TOUR] Passage au joueur: Abdel (ID: t6-RFhwldb_ATEwhAAAJ)
[TOUR] Index joueur actuel: 0
[TOUR] Passage au joueur: Céline (ID: K-LppE8SANrZGNo-AAAG)
[TOUR] Index joueur actuel: 1
[TOUR] Passage au joueur: Abdel (ID: t6-RFhwldb_ATEwhAAAJ)
[TOUR] Index joueur actuel: 0
[TOUR] Céline saute son tour !
[TOUR] Passage au joueur: Abdel (ID: t6-RFhwldb_ATEwhAAAJ)
[TOUR] Index joueur actuel: 0
[TOUR] Passage au joueur: Céline (ID: K-LppE8SANrZGNo-AAAG)
[TOUR] Index joueur actuel: 1
[TOUR] Passage au joueur: Abdel (ID: t6-RFhwldb_ATEwhAAAJ)
[TOUR] Index joueur actuel: 0
[TOUR] Céline saute son tour !
[TOUR] Passage au joueur: Abdel (ID: t6-RFhwldb_ATEwhAAAJ)
[TOUR] Index joueur actuel: 0
[TOUR] Passage au joueur: Céline (ID: K-LppE8SANrZGNo-AAAG)
[TOUR] Index joueur actuel: 1
[TOUR] Passage au joueur: Abdel (ID: t6-RFhwldb_ATEwhAAAJ)
[TOUR] Index joueur actuel: 0
[TOUR] Passage au joueur: Céline (ID: K-LppE8SANrZGNo-AAAG)
[TOUR] Index joueur actuel: 1
[TOUR] Passage au joueur: Abdel (ID: t6-RFhwldb_ATEwhAAAJ)
[TOUR] Index joueur actuel: 0
[TOUR] Passage au joueur: Céline (ID: K-LppE8SANrZGNo-AAAG)
[TOUR] Index joueur actuel: 1
[TOUR] Passage au joueur: Abdel (ID: t6-RFhwldb_ATEwhAAAJ)
[TOUR] Index joueur actuel: 0
[TOUR] Céline saute son tour !
[TOUR] Passage au joueur: Abdel (ID: t6-RFhwldb_ATEwhAAAJ)
[TOUR] Index joueur actuel: 0
[TOUR] Céline saute son tour !
[TOUR] Passage au joueur: Abdel (ID: t6-RFhwldb_ATEwhAAAJ)
[TOUR] Index joueur actuel: 0
[TOUR] Céline saute son tour !
[TOUR] Passage au joueur: Abdel (ID: t6-RFhwldb_ATEwhAAAJ)
[TOUR] Index joueur actuel: 0
[TOUR] Passage au joueur: Céline (ID: K-LppE8SANrZGNo-AAAG)
[TOUR] Index joueur actuel: 1
[TOUR] Passage au joueur: Abdel (ID: t6-RFhwldb_ATEwhAAAJ)
[TOUR] Index joueur actuel: 0
[TOUR] Passage au joueur: Céline (ID: K-LppE8SANrZGNo-AAAG)
[TOUR] Index joueur actuel: 1
[TOUR] Passage au joueur: Abdel (ID: t6-RFhwldb_ATEwhAAAJ)
[TOUR] Index joueur actuel: 0
[TOUR] Passage au joueur: Céline (ID: K-LppE8SANrZGNo-AAAG)
[TOUR] Index joueur actuel: 1
[TOUR] Passage au joueur: Abdel (ID: t6-RFhwldb_ATEwhAAAJ)
[TOUR] Index joueur actuel: 0
[TOUR] Passage au joueur: Céline (ID: K-LppE8SANrZGNo-AAAG)
[TOUR] Index joueur actuel: 1
[TOUR] Passage au joueur: Abdel (ID: t6-RFhwldb_ATEwhAAAJ)
[TOUR] Index joueur actuel: 0
[TOUR] Passage au joueur: Céline (ID: K-LppE8SANrZGNo-AAAG)
[TOUR] Index joueur actuel: 1
[TOUR] Passage au joueur: Abdel (ID: t6-RFhwldb_ATEwhAAAJ)
[TOUR] Index joueur actuel: 0
[TOUR] Passage au joueur: Céline (ID: K-LppE8SANrZGNo-AAAG)
[TOUR] Index joueur actuel: 1
[TOUR] Passage au joueur: Abdel (ID: t6-RFhwldb_ATEwhAAAJ)
[TOUR] Index joueur actuel: 0
[TOUR] Passage au joueur: Céline (ID: K-LppE8SANrZGNo-AAAG)
[TOUR] Index joueur actuel: 1
[TOUR] Passage au joueur: Abdel (ID: t6-RFhwldb_ATEwhAAAJ)
[TOUR] Index joueur actuel: 0
[TOUR] Passage au joueur: Céline (ID: K-LppE8SANrZGNo-AAAG)
[TOUR] Index joueur actuel: 1
[TOUR] Passage au joueur: Abdel (ID: t6-RFhwldb_ATEwhAAAJ)
[TOUR] Index joueur actuel: 0
[TOUR] Passage au joueur: Céline (ID: K-LppE8SANrZGNo-AAAG)
[TOUR] Index joueur actuel: 1
[TOUR] Passage au joueur: Abdel (ID: t6-RFhwldb_ATEwhAAAJ)
[TOUR] Index joueur actuel: 0
[TOUR] Passage au joueur: Céline (ID: K-LppE8SANrZGNo-AAAG)
[TOUR] Index joueur actuel: 1
[TOUR] Passage au joueur: Abdel (ID: t6-RFhwldb_ATEwhAAAJ)
[TOUR] Index joueur actuel: 0
[TOUR] Passage au joueur: Céline (ID: K-LppE8SANrZGNo-AAAG)
[TOUR] Index joueur actuel: 1
[TOUR] Passage au joueur: Abdel (ID: t6-RFhwldb_ATEwhAAAJ)
[TOUR] Index joueur actuel: 0
[TOUR] Passage au joueur: Céline (ID: K-LppE8SANrZGNo-AAAG)
[TOUR] Index joueur actuel: 1
[TOUR] Passage au joueur: Abdel (ID: t6-RFhwldb_ATEwhAAAJ)
[TOUR] Index joueur actuel: 0
[TOUR] Passage au joueur: Céline (ID: K-LppE8SANrZGNo-AAAG)
[TOUR] Index joueur actuel: 1
[TOUR] Passage au joueur: Abdel (ID: t6-RFhwldb_ATEwhAAAJ)
[TOUR] Index joueur actuel: 0
[TOUR] Passage au joueur: Céline (ID: K-LppE8SANrZGNo-AAAG)
[TOUR] Index joueur actuel: 1
[TOUR] Passage au joueur: Abdel (ID: t6-RFhwldb_ATEwhAAAJ)
[TOUR] Index joueur actuel: 0
[TOUR] Passage au joueur: Céline (ID: K-LppE8SANrZGNo-AAAG)
[TOUR] Index joueur actuel: 1
[TOUR] Passage au joueur: Abdel (ID: t6-RFhwldb_ATEwhAAAJ)
[TOUR] Index joueur actuel: 0
[TOUR] Passage au joueur: Céline (ID: K-LppE8SANrZGNo-AAAG)
[TOUR] Index joueur actuel: 1
[TOUR] Passage au joueur: Abdel (ID: t6-RFhwldb_ATEwhAAAJ)
[TOUR] Index joueur actuel: 0
[TOUR] Passage au joueur: Céline (ID: K-LppE8SANrZGNo-AAAG)
[TOUR] Index joueur actuel: 1
[TOUR] Passage au joueur: Abdel (ID: t6-RFhwldb_ATEwhAAAJ)
[TOUR] Index joueur actuel: 0
[TOUR] Passage au joueur: Céline (ID: K-LppE8SANrZGNo-AAAG)
[TOUR] Index joueur actuel: 1
[TOUR] Passage au joueur: Abdel (ID: t6-RFhwldb_ATEwhAAAJ)
[TOUR] Index joueur actuel: 0
[TOUR] Passage au joueur: Céline (ID: K-LppE8SANrZGNo-AAAG)
[TOUR] Index joueur actuel: 1
[TOUR] Passage au joueur: Abdel (ID: t6-RFhwldb_ATEwhAAAJ)
[TOUR] Index joueur actuel: 0
[TOUR] Passage au joueur: Céline (ID: K-LppE8SANrZGNo-AAAG)
[TOUR] Index joueur actuel: 1
[TOUR] Passage au joueur: Abdel (ID: t6-RFhwldb_ATEwhAAAJ)
[TOUR] Index joueur actuel: 0
[TOUR] Passage au joueur: Céline (ID: K-LppE8SANrZGNo-AAAG)
[TOUR] Index joueur actuel: 1
[TOUR] Passage au joueur: Abdel (ID: t6-RFhwldb_ATEwhAAAJ)
[TOUR] Index joueur actuel: 0
[TOUR] Passage au joueur: Céline (ID: K-LppE8SANrZGNo-AAAG)
[TOUR] Index joueur actuel: 1
[TOUR] Passage au joueur: Abdel (ID: t6-RFhwldb_ATEwhAAAJ)
[TOUR] Index joueur actuel: 0
[TOUR] Passage au joueur: Céline (ID: K-LppE8SANrZGNo-AAAG)
[TOUR] Index joueur actuel: 1
[TOUR] Passage au joueur: Abdel (ID: t6-RFhwldb_ATEwhAAAJ)
[TOUR] Index joueur actuel: 0
[TOUR] Passage au joueur: Céline (ID: K-LppE8SANrZGNo-AAAG)
[TOUR] Index joueur actuel: 1
[TOUR] Passage au joueur: Abdel (ID: t6-RFhwldb_ATEwhAAAJ)
[TOUR] Index joueur actuel: 0
[TOUR] Passage au joueur: Céline (ID: K-LppE8SANrZGNo-AAAG)
[TOUR] Index joueur actuel: 1
[TOUR] Passage au joueur: Abdel (ID: t6-RFhwldb_ATEwhAAAJ)
[TOUR] Index joueur actuel: 0
[TOUR] Passage au joueur: Céline (ID: K-LppE8SANrZGNo-AAAG)
[TOUR] Index joueur actuel: 1
[TOUR] Passage au joueur: Abdel (ID: t6-RFhwldb_ATEwhAAAJ)
[TOUR] Index joueur actuel: 0
[TOUR] Passage au joueur: Céline (ID: K-LppE8SANrZGNo-AAAG)
[TOUR] Index joueur actuel: 1
[TOUR] Abdel saute son tour !
[TOUR] Passage au joueur: Céline (ID: K-LppE8SANrZGNo-AAAG)
[TOUR] Index joueur actuel: 1
[TOUR] Passage au joueur: Abdel (ID: t6-RFhwldb_ATEwhAAAJ)
[TOUR] Index joueur actuel: 0
[TOUR] Passage au joueur: Céline (ID: K-LppE8SANrZGNo-AAAG)
[TOUR] Index joueur actuel: 1
[TOUR] Passage au joueur: Abdel (ID: t6-RFhwldb_ATEwhAAAJ)
[TOUR] Index joueur actuel: 0
[TOUR] Passage au joueur: Céline (ID: K-LppE8SANrZGNo-AAAG)
[TOUR] Index joueur actuel: 1
[TOUR] Passage au joueur: Abdel (ID: t6-RFhwldb_ATEwhAAAJ)
[TOUR] Index joueur actuel: 0
[TOUR] Passage au joueur: Céline (ID: K-LppE8SANrZGNo-AAAG)
[TOUR] Index joueur actuel: 1
[TOUR] Passage au joueur: Abdel (ID: t6-RFhwldb_ATEwhAAAJ)
[TOUR] Index joueur actuel: 0
[TOUR] Céline saute son tour !
[TOUR] Passage au joueur: Abdel (ID: t6-RFhwldb_ATEwhAAAJ)
[TOUR] Index joueur actuel: 0
[TOUR] Abdel saute son tour !
[TOUR] Passage au joueur: Céline (ID: K-LppE8SANrZGNo-AAAG)
[TOUR] Index joueur actuel: 1
[TOUR] Passage au joueur: Abdel (ID: t6-RFhwldb_ATEwhAAAJ)
[TOUR] Index joueur actuel: 0
[TOUR] Passage au joueur: Céline (ID: K-LppE8SANrZGNo-AAAG)
[TOUR] Index joueur actuel: 1
[TOUR] Passage au joueur: Abdel (ID: t6-RFhwldb_ATEwhAAAJ)
[TOUR] Index joueur actuel: 0
[TOUR] Passage au joueur: Céline (ID: K-LppE8SANrZGNo-AAAG)
[TOUR] Index joueur actuel: 1
[TOUR] Passage au joueur: Abdel (ID: t6-RFhwldb_ATEwhAAAJ)
[TOUR] Index joueur actuel: 0
[TOUR] Passage au joueur: Céline (ID: K-LppE8SANrZGNo-AAAG)
[TOUR] Index joueur actuel: 1
[TOUR] Passage au joueur: Abdel (ID: t6-RFhwldb_ATEwhAAAJ)
[TOUR] Index joueur actuel: 0
[TOUR] Passage au joueur: Céline (ID: K-LppE8SANrZGNo-AAAG)
[TOUR] Index joueur actuel: 1
[TOUR] Passage au joueur: Abdel (ID: t6-RFhwldb_ATEwhAAAJ)
[TOUR] Index joueur actuel: 0
[TOUR] Passage au joueur: Céline (ID: K-LppE8SANrZGNo-AAAG)
[TOUR] Index joueur actuel: 1
[TOUR] Passage au joueur: Abdel (ID: t6-RFhwldb_ATEwhAAAJ)
[TOUR] Index joueur actuel: 0
[TOUR] Passage au joueur: Céline (ID: K-LppE8SANrZGNo-AAAG)
[TOUR] Index joueur actuel: 1
[TOUR] Abdel saute son tour !
[TOUR] Passage au joueur: Céline (ID: K-LppE8SANrZGNo-AAAG)
[TOUR] Index joueur actuel: 1
[TOUR] Passage au joueur: Abdel (ID: t6-RFhwldb_ATEwhAAAJ)
[TOUR] Index joueur actuel: 0
[TOUR] Passage au joueur: Céline (ID: K-LppE8SANrZGNo-AAAG)
[TOUR] Index joueur actuel: 1
[TOUR] Passage au joueur: Abdel (ID: t6-RFhwldb_ATEwhAAAJ)
[TOUR] Index joueur actuel: 0
[TOUR] Céline saute son tour !
[TOUR] Passage au joueur: Abdel (ID: t6-RFhwldb_ATEwhAAAJ)
[TOUR] Index joueur actuel: 0
[TOUR] Passage au joueur: Céline (ID: K-LppE8SANrZGNo-AAAG)
[TOUR] Index joueur actuel: 1
[TOUR] Passage au joueur: Abdel (ID: t6-RFhwldb_ATEwhAAAJ)
[TOUR] Index joueur actuel: 0
[TOUR] Passage au joueur: Céline (ID: K-LppE8SANrZGNo-AAAG)
[TOUR] Index joueur actuel: 1
[TOUR] Passage au joueur: Abdel (ID: t6-RFhwldb_ATEwhAAAJ)
[TOUR] Index joueur actuel: 0
[TOUR] Passage au joueur: Céline (ID: K-LppE8SANrZGNo-AAAG)
[TOUR] Index joueur actuel: 1
[TOUR] Passage au joueur: Abdel (ID: t6-RFhwldb_ATEwhAAAJ)
[TOUR] Index joueur actuel: 0
[TOUR] Passage au joueur: Céline (ID: K-LppE8SANrZGNo-AAAG)
[TOUR] Index joueur actuel: 1
[TOUR] Passage au joueur: Abdel (ID: t6-RFhwldb_ATEwhAAAJ)
[TOUR] Index joueur actuel: 0
[TOUR] Passage au joueur: Céline (ID: K-LppE8SANrZGNo-AAAG)
[TOUR] Index joueur actuel: 1
[TOUR] Passage au joueur: Abdel (ID: t6-RFhwldb_ATEwhAAAJ)
[TOUR] Index joueur actuel: 0
[TOUR] Passage au joueur: Céline (ID: K-LppE8SANrZGNo-AAAG)
[TOUR] Index joueur actuel: 1
[TOUR] Passage au joueur: Abdel (ID: t6-RFhwldb_ATEwhAAAJ)
[TOUR] Index joueur actuel: 0
[TOUR] Passage au joueur: Céline (ID: K-LppE8SANrZGNo-AAAG)
[TOUR] Index joueur actuel: 1
[TOUR] Passage au joueur: Abdel (ID: t6-RFhwldb_ATEwhAAAJ)
[TOUR] Index joueur actuel: 0
[TOUR] Passage au joueur: Céline (ID: K-LppE8SANrZGNo-AAAG)
[TOUR] Index joueur actuel: 1
[TOUR] Passage au joueur: Abdel (ID: t6-RFhwldb_ATEwhAAAJ)
[TOUR] Index joueur actuel: 0
Joueur déconnecté: t6-RFhwldb_ATEwhAAAJ
Nouveau joueur connecté: nd1f-ve37Kov4KtZAAAM
Partie V2C9IS supprimée
Joueur déconnecté: K-LppE8SANrZGNo-AAAG
Nouveau joueur connecté: Nm20EWYCnSph8BT4AAAP
Partie créée: 6E40A6 par az
zz a rejoint la partie 6E40A6
Partie 6E40A6 démarrée
Joueur déconnecté: Nm20EWYCnSph8BT4AAAP
Partie 6E40A6 supprimée
Joueur déconnecté: nd1f-ve37Kov4KtZAAAM
