
> smile-life-frontend@1.0.0 start
> react-scripts start

(node:27600) [DEP_WEBPACK_DEV_SERVER_ON_AFTER_SETUP_MIDDLEWARE] DeprecationWarning: 'onAfterSetupMiddleware' option is deprecated. Please use the 'setupMiddlewares' option.
(Use `node --trace-deprecation ...` to show where the warning was created)
(node:27600) [DEP_WEBPACK_DEV_SERVER_ON_BEFORE_SETUP_MIDDLEWARE] DeprecationWarning: 'onBeforeSetupMiddleware' option is deprecated. Please use the 'setupMiddlewares' option.
Starting the development server...

Compiled successfully!

You can now view smile-life-frontend in the browser.

  http://localhost:3000

Note that the development build is not optimized.
To create a production build, use npm run build.

webpack compiled [1m[32msuccessfully[39m[22m
Compiling...
Compiled with warnings.

[eslint] 
src\App.js
  Line 35:10:  'youtubeUrl' is assigned a value but never used                no-unused-vars
  Line 35:22:  'setYoutubeUrl' is assigned a value but never used             no-unused-vars
  Line 36:10:  'currentMusic' is assigned a value but never used              no-unused-vars
  Line 36:24:  'setCurrentMusic' is assigned a value but never used           no-unused-vars
  Line 52:10:  'casinoJustPlayed' is assigned a value but never used          no-unused-vars
  Line 59:10:  'showTrocCardSelection' is assigned a value but never used     no-unused-vars
  Line 59:33:  'setShowTrocCardSelection' is assigned a value but never used  no-unused-vars
  Line 60:10:  'trocTargetPlayerId' is assigned a value but never used        no-unused-vars
  Line 60:30:  'setTrocTargetPlayerId' is assigned a value but never used     no-unused-vars
  Line 61:10:  'trocTargetPlayerName' is assigned a value but never used      no-unused-vars
  Line 61:32:  'setTrocTargetPlayerName' is assigned a value but never used   no-unused-vars
  Line 267:9:  'drawCard' is assigned a value but never used                  no-unused-vars

Search for the keywords to learn more about each warning.
To ignore, add // eslint-disable-next-line to the line before.

[1m[33mWARNING[39m[22m in [1m[eslint] 
src\App.js
  Line 35:10:  'youtubeUrl' is assigned a value but never used                no-unused-vars
  Line 35:22:  'setYoutubeUrl' is assigned a value but never used             no-unused-vars
  Line 36:10:  'currentMusic' is assigned a value but never used              no-unused-vars
  Line 36:24:  'setCurrentMusic' is assigned a value but never used           no-unused-vars
  Line 52:10:  'casinoJustPlayed' is assigned a value but never used          no-unused-vars
  Line 59:10:  'showTrocCardSelection' is assigned a value but never used     no-unused-vars
  Line 59:33:  'setShowTrocCardSelection' is assigned a value but never used  no-unused-vars
  Line 60:10:  'trocTargetPlayerId' is assigned a value but never used        no-unused-vars
  Line 60:30:  'setTrocTargetPlayerId' is assigned a value but never used     no-unused-vars
  Line 61:10:  'trocTargetPlayerName' is assigned a value but never used      no-unused-vars
  Line 61:32:  'setTrocTargetPlayerName' is assigned a value but never used   no-unused-vars
  Line 267:9:  'drawCard' is assigned a value but never used                  no-unused-vars

[39m[22m

webpack compiled with [1m[33m1 warning[39m[22m
Compiling...
Compiled with warnings.

[eslint] 
src\App.js
  Line 35:10:  'youtubeUrl' is assigned a value but never used             no-unused-vars
  Line 35:22:  'setYoutubeUrl' is assigned a value but never used          no-unused-vars
  Line 36:10:  'currentMusic' is assigned a value but never used           no-unused-vars
  Line 36:24:  'setCurrentMusic' is assigned a value but never used        no-unused-vars
  Line 52:10:  'casinoJustPlayed' is assigned a value but never used       no-unused-vars
  Line 59:10:  'showTrocCardSelection' is assigned a value but never used  no-unused-vars
  Line 60:10:  'trocTargetPlayerId' is assigned a value but never used     no-unused-vars
  Line 61:10:  'trocTargetPlayerName' is assigned a value but never used   no-unused-vars
  Line 275:9:  'drawCard' is assigned a value but never used               no-unused-vars

Search for the keywords to learn more about each warning.
To ignore, add // eslint-disable-next-line to the line before.

[1m[33mWARNING[39m[22m in [1m[eslint] 
src\App.js
  Line 35:10:  'youtubeUrl' is assigned a value but never used             no-unused-vars
  Line 35:22:  'setYoutubeUrl' is assigned a value but never used          no-unused-vars
  Line 36:10:  'currentMusic' is assigned a value but never used           no-unused-vars
  Line 36:24:  'setCurrentMusic' is assigned a value but never used        no-unused-vars
  Line 52:10:  'casinoJustPlayed' is assigned a value but never used       no-unused-vars
  Line 59:10:  'showTrocCardSelection' is assigned a value but never used  no-unused-vars
  Line 60:10:  'trocTargetPlayerId' is assigned a value but never used     no-unused-vars
  Line 61:10:  'trocTargetPlayerName' is assigned a value but never used   no-unused-vars
  Line 275:9:  'drawCard' is assigned a value but never used               no-unused-vars

[39m[22m

webpack compiled with [1m[33m1 warning[39m[22m
Compiling...
Compiled with warnings.

[eslint] 
src\App.js
  Line 35:10:  'youtubeUrl' is assigned a value but never used             no-unused-vars
  Line 35:22:  'setYoutubeUrl' is assigned a value but never used          no-unused-vars
  Line 36:10:  'currentMusic' is assigned a value but never used           no-unused-vars
  Line 36:24:  'setCurrentMusic' is assigned a value but never used        no-unused-vars
  Line 52:10:  'casinoJustPlayed' is assigned a value but never used       no-unused-vars
  Line 59:10:  'showTrocCardSelection' is assigned a value but never used  no-unused-vars
  Line 61:10:  'trocTargetPlayerName' is assigned a value but never used   no-unused-vars
  Line 275:9:  'drawCard' is assigned a value but never used               no-unused-vars
  Line 500:9:  'executeTroc' is assigned a value but never used            no-unused-vars

Search for the keywords to learn more about each warning.
To ignore, add // eslint-disable-next-line to the line before.

[1m[33mWARNING[39m[22m in [1m[eslint] 
src\App.js
  Line 35:10:  'youtubeUrl' is assigned a value but never used             no-unused-vars
  Line 35:22:  'setYoutubeUrl' is assigned a value but never used          no-unused-vars
  Line 36:10:  'currentMusic' is assigned a value but never used           no-unused-vars
  Line 36:24:  'setCurrentMusic' is assigned a value but never used        no-unused-vars
  Line 52:10:  'casinoJustPlayed' is assigned a value but never used       no-unused-vars
  Line 59:10:  'showTrocCardSelection' is assigned a value but never used  no-unused-vars
  Line 61:10:  'trocTargetPlayerName' is assigned a value but never used   no-unused-vars
  Line 275:9:  'drawCard' is assigned a value but never used               no-unused-vars
  Line 500:9:  'executeTroc' is assigned a value but never used            no-unused-vars

[39m[22m

webpack compiled with [1m[33m1 warning[39m[22m
Compiling...
Compiled with warnings.

[eslint] 
src\App.js
  Line 35:10:  'youtubeUrl' is assigned a value but never used        no-unused-vars
  Line 35:22:  'setYoutubeUrl' is assigned a value but never used     no-unused-vars
  Line 36:10:  'currentMusic' is assigned a value but never used      no-unused-vars
  Line 36:24:  'setCurrentMusic' is assigned a value but never used   no-unused-vars
  Line 52:10:  'casinoJustPlayed' is assigned a value but never used  no-unused-vars
  Line 275:9:  'drawCard' is assigned a value but never used          no-unused-vars

Search for the keywords to learn more about each warning.
To ignore, add // eslint-disable-next-line to the line before.

[1m[33mWARNING[39m[22m in [1m[eslint] 
src\App.js
  Line 35:10:  'youtubeUrl' is assigned a value but never used        no-unused-vars
  Line 35:22:  'setYoutubeUrl' is assigned a value but never used     no-unused-vars
  Line 36:10:  'currentMusic' is assigned a value but never used      no-unused-vars
  Line 36:24:  'setCurrentMusic' is assigned a value but never used   no-unused-vars
  Line 52:10:  'casinoJustPlayed' is assigned a value but never used  no-unused-vars
  Line 275:9:  'drawCard' is assigned a value but never used          no-unused-vars

[39m[22m

webpack compiled with [1m[33m1 warning[39m[22m
